<?xml version="1.0" encoding="UTF-8"?>
<testng-results ignored="0" total="1" passed="1" failed="0" skipped="0">
  <reporter-output>
  </reporter-output>
  <suite started-at="2024-01-08T15:58:36 IST" name="Default suite" finished-at="2024-01-08T15:58:55 IST" duration-ms="18112">
    <groups>
    </groups>
    <test started-at="2024-01-08T15:58:36 IST" name="Default test" finished-at="2024-01-08T15:58:55 IST" duration-ms="18112">
      <class name="org.automation_learn.TestRunner">
        <test-method signature="formFill1()[pri:0, instance:org.automation_learn.TestRunner@6221a451]" started-at="2024-01-08T15:58:37 IST" name="formFill1" finished-at="2024-01-08T15:58:54 IST" duration-ms="17876" status="PASS">
          <reporter-output>
          </reporter-output>
        </test-method> <!-- formFill1 -->
      </class> <!-- org.automation_learn.TestRunner -->
    </test> <!-- Default test -->
  </suite> <!-- Default suite -->
</testng-results>
